<?xml version="1.0" encoding="UTF-8"?>
<!-- Generated by org.testng.reporters.JUnitXMLReporter -->
<testsuite ignored="0" hostname="DESKTOP-KIS4N2E" failures="1" tests="4" name="Test" time="0.043" errors="0" timestamp="2022-06-22T07:55:11 IST">
  <testcase classname="testNGlistener.PuneTest" name="Swargate" time="0.007">
    <failure type="java.lang.AssertionError" message="null">
      <![CDATA[java.lang.AssertionError: null
at testNGlistener.PuneTest.Swargate(PuneTest.java:11)
at java.base/java.util.ArrayList.forEach(ArrayList.java:1541)
... Removed 29 stack frames]]>
    </failure>
  </testcase> <!-- Swargate -->
  <testcase classname="testNGlistener.PuneTest" name="shivajiNagar" time="0.001"/>
  <testcase classname="testNGlistener.Mumbai" name="Sanpada" time="0.001"/>
  <testcase classname="testNGlistener.Mumbai" name="ghanSoli" time="0.001"/>
</testsuite> <!-- Test -->
