<?xml version="1.0" encoding="UTF-8"?>
<!-- Generated by org.testng.reporters.JUnitXMLReporter -->
<testsuite ignored="3" hostname="DESKTOP-KIS4N2E" failures="1" tests="2" name="Test(failed)" time="0.044" errors="0" timestamp="2022-06-14T08:43:18 IST">
  <testcase classname="xmlStudy.MyTest" name="myMethod3" time="0.007"/>
  <testcase classname="xmlStudy.MyTest" name="myMethod1" time="0.002">
    <failure type="java.lang.AssertionError" message="null">
      <![CDATA[java.lang.AssertionError: null
at xmlStudy.MyTest.myMethod1(MyTest.java:14)
at java.base/java.util.ArrayList.forEach(ArrayList.java:1541)
... Removed 29 stack frames]]>
    </failure>
  </testcase> <!-- myMethod1 -->
  <testcase classname="xmlStudy.MyTest" name="myMethod4" time="0.0">
    <ignored/>
  </testcase> <!-- myMethod4 -->
  <testcase classname="xmlStudy.MyTest" name="myMethod2" time="0.0">
    <ignored/>
  </testcase> <!-- myMethod2 -->
  <testcase classname="xmlStudy.MyTest" name="myMethod5" time="0.0">
    <ignored/>
  </testcase> <!-- myMethod5 -->
</testsuite> <!-- Test(failed) -->
